2022/09/14 11:02:26 hm3u8dl LOG 写入
2022/09/14 11:02:26 preload_m3u8url      执行完成, "https://v7.dious.cc/20220910/LgiDaGPc/1500kb/hls/index.m3u8"
2022/09/14 11:02:26 preload_proxy        执行完成, null
2022/09/14 11:02:26 preload_headers      执行完成, {"user-agent": "Mozilla/5.0 (Windows NT 5.1) AppleWebKit/537.1 (KHTML, like Gecko) Chrome/21.0.1180.89 Safari/537.1"}
2022/09/14 11:02:26 preload_title        执行完成,"index"
2022/09/14 11:02:26 preload_toolsPath     {'ffmpeg': 'ffmpeg', 'mp4decrypt': 'D:/PycharmProjects/newM3u8Dl/hm3u8dl_cli/Tools/mp4decrypt_win.exe', 'youkudecrypt': 'D:/PycharmProjects/newM3u8Dl/hm3u8dl_cli/Tools/youkudecrypt.exe'}
2022/09/14 11:02:26 preload_work_dir     执行完成,创建文件夹 D:\PycharmProjects\newM3u8Dl/Downloads/index
2022/09/14 11:02:28 preload_m3u8obj      执行完成
2022/09/14 11:02:28 preload_base_uri     执行完成,"https://v7.dious.cc"
2022/09/14 11:02:28 preload_method       执行完成,"AES-128"
2022/09/14 11:02:28 Starting new HTTPS connection (1): v7.dious.cc:443
2022/09/14 11:02:29 https://v7.dious.cc:443 "GET /20220910/LgiDaGPc/1500kb/hls/key.key HTTP/1.1" 200 16
2022/09/14 11:02:29 preload_key          执行完成,b'd8d277a6ddaac8a8'
2022/09/14 11:02:29 preload_iv           执行完成,b'\x00\x00\x00\x00\x00\x00\x00\x00\x00\x00\x00\x00\x00\x00\x00\x00'
2022/09/14 11:02:29 Starting new HTTPS connection (1): v7.dious.cc:443
2022/09/14 11:02:30 https://v7.dious.cc:443 "GET /20220910/LgiDaGPc/1500kb/hls/a5lbSCxM.ts?user-agent=Mozilla%2F5.0+%28Windows+NT+5.1%29+AppleWebKit%2F537.1+%28KHTML%2C+like+Gecko%29+Chrome%2F21.0.1180.89+Safari%2F537.1 HTTP/1.1" 200 452528
2022/09/14 11:02:32 preload_tsinfo       执行完成,bitrate: 891 kb/s, yuv420p(progressive), 1920x1080 [SAR 1:1 DAR 16:9], 25 fps, 25 tbr, 90k tbn
2022/09/14 11:02:32 Starting new HTTPS connection (1): v7.dious.cc:443
2022/09/14 11:02:32 Starting new HTTPS connection (1): v7.dious.cc:443
2022/09/14 11:02:32 Starting new HTTPS connection (1): v7.dious.cc:443
2022/09/14 11:02:32 Starting new HTTPS connection (1): v7.dious.cc:443
2022/09/14 11:02:32 Starting new HTTPS connection (1): v7.dious.cc:443
2022/09/14 11:02:32 Starting new HTTPS connection (1): v7.dious.cc:443
2022/09/14 11:02:32 Starting new HTTPS connection (1): v7.dious.cc:443
2022/09/14 11:02:32 Starting new HTTPS connection (1): v7.dious.cc:443
2022/09/14 11:02:32 Starting new HTTPS connection (1): v7.dious.cc:443
2022/09/14 11:02:32 Starting new HTTPS connection (1): v7.dious.cc:443
2022/09/14 11:02:32 Starting new HTTPS connection (1): v7.dious.cc:443
2022/09/14 11:02:32 Starting new HTTPS connection (1): v7.dious.cc:443
2022/09/14 11:02:32 Starting new HTTPS connection (1): v7.dious.cc:443
2022/09/14 11:02:32 Starting new HTTPS connection (1): v7.dious.cc:443
2022/09/14 11:02:32 Starting new HTTPS connection (1): v7.dious.cc:443
2022/09/14 11:02:32 Starting new HTTPS connection (1): v7.dious.cc:443
2022/09/14 11:02:32 Starting new HTTPS connection (1): v7.dious.cc:443
2022/09/14 11:02:32 Starting new HTTPS connection (1): v7.dious.cc:443
2022/09/14 11:02:32 Starting new HTTPS connection (1): v7.dious.cc:443
2022/09/14 11:02:32 Starting new HTTPS connection (1): v7.dious.cc:443
2022/09/14 11:02:32 Starting new HTTPS connection (1): v7.dious.cc:443
2022/09/14 11:02:32 Starting new HTTPS connection (1): v7.dious.cc:443
2022/09/14 11:02:32 Starting new HTTPS connection (1): v7.dious.cc:443
2022/09/14 11:02:32 Starting new HTTPS connection (1): v7.dious.cc:443
2022/09/14 11:02:32 Starting new HTTPS connection (1): v7.dious.cc:443
2022/09/14 11:02:32 Starting new HTTPS connection (1): v7.dious.cc:443
2022/09/14 11:02:32 Starting new HTTPS connection (1): v7.dious.cc:443
2022/09/14 11:02:32 Starting new HTTPS connection (1): v7.dious.cc:443
2022/09/14 11:02:32 Starting new HTTPS connection (1): v7.dious.cc:443
2022/09/14 11:02:32 Starting new HTTPS connection (1): v7.dious.cc:443
2022/09/14 11:02:32 Starting new HTTPS connection (1): v7.dious.cc:443
2022/09/14 11:02:32 Starting new HTTPS connection (1): v7.dious.cc:443
2022/09/14 11:02:32 Starting new HTTPS connection (1): v7.dious.cc:443
2022/09/14 11:02:32 Starting new HTTPS connection (1): v7.dious.cc:443
2022/09/14 11:02:32 Starting new HTTPS connection (1): v7.dious.cc:443
2022/09/14 11:02:32 Starting new HTTPS connection (1): v7.dious.cc:443
2022/09/14 11:02:32 Starting new HTTPS connection (1): v7.dious.cc:443
2022/09/14 11:02:32 Starting new HTTPS connection (1): v7.dious.cc:443
2022/09/14 11:02:32 Starting new HTTPS connection (1): v7.dious.cc:443
2022/09/14 11:02:32 Starting new HTTPS connection (1): v7.dious.cc:443
2022/09/14 11:02:32 Starting new HTTPS connection (1): v7.dious.cc:443
2022/09/14 11:02:32 Starting new HTTPS connection (1): v7.dious.cc:443
2022/09/14 11:02:32 Starting new HTTPS connection (1): v7.dious.cc:443
2022/09/14 11:02:32 Starting new HTTPS connection (1): v7.dious.cc:443
2022/09/14 11:02:32 Starting new HTTPS connection (1): v7.dious.cc:443
2022/09/14 11:02:32 Starting new HTTPS connection (1): v7.dious.cc:443
2022/09/14 11:02:32 Starting new HTTPS connection (1): v7.dious.cc:443
2022/09/14 11:02:32 Starting new HTTPS connection (1): v7.dious.cc:443
2022/09/14 11:02:32 Starting new HTTPS connection (1): v7.dious.cc:443
2022/09/14 11:02:32 Starting new HTTPS connection (1): v7.dious.cc:443
2022/09/14 11:02:32 Starting new HTTPS connection (1): v7.dious.cc:443
2022/09/14 11:02:32 Starting new HTTPS connection (1): v7.dious.cc:443
2022/09/14 11:02:32 Starting new HTTPS connection (1): v7.dious.cc:443
2022/09/14 11:02:32 Starting new HTTPS connection (1): v7.dious.cc:443
2022/09/14 11:02:32 Starting new HTTPS connection (1): v7.dious.cc:443
2022/09/14 11:02:32 Starting new HTTPS connection (1): v7.dious.cc:443
2022/09/14 11:02:32 Starting new HTTPS connection (1): v7.dious.cc:443
2022/09/14 11:02:32 Starting new HTTPS connection (1): v7.dious.cc:443
2022/09/14 11:02:32 Starting new HTTPS connection (1): v7.dious.cc:443
2022/09/14 11:02:32 Starting new HTTPS connection (1): v7.dious.cc:443
2022/09/14 11:02:32 Starting new HTTPS connection (1): v7.dious.cc:443
2022/09/14 11:02:32 Starting new HTTPS connection (1): v7.dious.cc:443
2022/09/14 11:02:32 Starting new HTTPS connection (1): v7.dious.cc:443
2022/09/14 11:02:32 Starting new HTTPS connection (1): v7.dious.cc:443
2022/09/14 11:02:32 Starting new HTTPS connection (1): v7.dious.cc:443
2022/09/14 11:02:32 Starting new HTTPS connection (1): v7.dious.cc:443
2022/09/14 11:02:32 Starting new HTTPS connection (1): v7.dious.cc:443
2022/09/14 11:02:32 Starting new HTTPS connection (1): v7.dious.cc:443
2022/09/14 11:02:32 Starting new HTTPS connection (1): v7.dious.cc:443
2022/09/14 11:02:32 Starting new HTTPS connection (1): v7.dious.cc:443
2022/09/14 11:02:32 Starting new HTTPS connection (1): v7.dious.cc:443
2022/09/14 11:02:32 Starting new HTTPS connection (1): v7.dious.cc:443
2022/09/14 11:02:32 Starting new HTTPS connection (1): v7.dious.cc:443
2022/09/14 11:02:32 Starting new HTTPS connection (1): v7.dious.cc:443
2022/09/14 11:02:32 Starting new HTTPS connection (1): v7.dious.cc:443
2022/09/14 11:02:32 Starting new HTTPS connection (1): v7.dious.cc:443
2022/09/14 11:02:32 Starting new HTTPS connection (1): v7.dious.cc:443
2022/09/14 11:02:32 Starting new HTTPS connection (1): v7.dious.cc:443
2022/09/14 11:02:32 Starting new HTTPS connection (1): v7.dious.cc:443
2022/09/14 11:02:32 Starting new HTTPS connection (1): v7.dious.cc:443
2022/09/14 11:02:32 Starting new HTTPS connection (1): v7.dious.cc:443
2022/09/14 11:02:32 Starting new HTTPS connection (1): v7.dious.cc:443
2022/09/14 11:02:32 Starting new HTTPS connection (1): v7.dious.cc:443
2022/09/14 11:02:32 Starting new HTTPS connection (1): v7.dious.cc:443
2022/09/14 11:02:32 Starting new HTTPS connection (1): v7.dious.cc:443
2022/09/14 11:02:32 Starting new HTTPS connection (1): v7.dious.cc:443
2022/09/14 11:02:32 Starting new HTTPS connection (1): v7.dious.cc:443
2022/09/14 11:02:32 Starting new HTTPS connection (1): v7.dious.cc:443
2022/09/14 11:02:32 Starting new HTTPS connection (1): v7.dious.cc:443
2022/09/14 11:02:32 Starting new HTTPS connection (1): v7.dious.cc:443
2022/09/14 11:02:32 Starting new HTTPS connection (1): v7.dious.cc:443
2022/09/14 11:02:32 Starting new HTTPS connection (1): v7.dious.cc:443
2022/09/14 11:02:32 Starting new HTTPS connection (1): v7.dious.cc:443
2022/09/14 11:02:32 Starting new HTTPS connection (1): v7.dious.cc:443
2022/09/14 11:02:32 Starting new HTTPS connection (1): v7.dious.cc:443
2022/09/14 11:02:32 Starting new HTTPS connection (1): v7.dious.cc:443
2022/09/14 11:02:32 Starting new HTTPS connection (1): v7.dious.cc:443
2022/09/14 11:02:32 Starting new HTTPS connection (1): v7.dious.cc:443
2022/09/14 11:02:32 Starting new HTTPS connection (1): v7.dious.cc:443
2022/09/14 11:02:32 Starting new HTTPS connection (1): v7.dious.cc:443
2022/09/14 11:02:32 Starting new HTTPS connection (1): v7.dious.cc:443
2022/09/14 11:02:32 Starting new HTTPS connection (1): v7.dious.cc:443
2022/09/14 11:02:32 Starting new HTTPS connection (1): v7.dious.cc:443
2022/09/14 11:02:32 Starting new HTTPS connection (1): v7.dious.cc:443
2022/09/14 11:02:32 Starting new HTTPS connection (1): v7.dious.cc:443
2022/09/14 11:02:32 Starting new HTTPS connection (1): v7.dious.cc:443
2022/09/14 11:02:33 Starting new HTTPS connection (1): v7.dious.cc:443
2022/09/14 11:02:33 Starting new HTTPS connection (1): v7.dious.cc:443
2022/09/14 11:02:33 Starting new HTTPS connection (1): v7.dious.cc:443
2022/09/14 11:02:33 Starting new HTTPS connection (1): v7.dious.cc:443
2022/09/14 11:02:33 Starting new HTTPS connection (1): v7.dious.cc:443
2022/09/14 11:02:33 Starting new HTTPS connection (1): v7.dious.cc:443
2022/09/14 11:02:33 Starting new HTTPS connection (1): v7.dious.cc:443
2022/09/14 11:02:33 Starting new HTTPS connection (1): v7.dious.cc:443
2022/09/14 11:02:33 Starting new HTTPS connection (1): v7.dious.cc:443
2022/09/14 11:02:33 Starting new HTTPS connection (1): v7.dious.cc:443
2022/09/14 11:02:33 Starting new HTTPS connection (1): v7.dious.cc:443
2022/09/14 11:02:33 Starting new HTTPS connection (1): v7.dious.cc:443
2022/09/14 11:02:33 Starting new HTTPS connection (1): v7.dious.cc:443
2022/09/14 11:02:33 Starting new HTTPS connection (1): v7.dious.cc:443
2022/09/14 11:02:33 Starting new HTTPS connection (1): v7.dious.cc:443
2022/09/14 11:02:33 Starting new HTTPS connection (1): v7.dious.cc:443
2022/09/14 11:02:33 Starting new HTTPS connection (1): v7.dious.cc:443
2022/09/14 11:02:33 Starting new HTTPS connection (1): v7.dious.cc:443
2022/09/14 11:02:33 Starting new HTTPS connection (1): v7.dious.cc:443
2022/09/14 11:02:33 Starting new HTTPS connection (1): v7.dious.cc:443
2022/09/14 11:02:33 Starting new HTTPS connection (1): v7.dious.cc:443
2022/09/14 11:02:33 Starting new HTTPS connection (1): v7.dious.cc:443
2022/09/14 11:02:33 https://v7.dious.cc:443 "GET /20220910/LgiDaGPc/1500kb/hls/xTPdTcsq.ts HTTP/1.1" 200 618336
2022/09/14 11:02:33 https://v7.dious.cc:443 "GET /20220910/LgiDaGPc/1500kb/hls/QydsMCXg.ts HTTP/1.1" 200 547280
2022/09/14 11:02:33 https://v7.dious.cc:443 "GET /20220910/LgiDaGPc/1500kb/hls/eiIA5HEF.ts HTTP/1.1" 200 611568
2022/09/14 11:02:33 https://v7.dious.cc:443 "GET /20220910/LgiDaGPc/1500kb/hls/EYH5vtG1.ts HTTP/1.1" 200 338976
2022/09/14 11:02:33 https://v7.dious.cc:443 "GET /20220910/LgiDaGPc/1500kb/hls/MzfZfwdF.ts HTTP/1.1" 200 940192
2022/09/14 11:02:33 https://v7.dious.cc:443 "GET /20220910/LgiDaGPc/1500kb/hls/dzZvEezj.ts HTTP/1.1" 200 621168
2022/09/14 11:02:33 https://v7.dious.cc:443 "GET /20220910/LgiDaGPc/1500kb/hls/uga1T2Yd.ts HTTP/1.1" 200 663840
2022/09/14 11:02:33 https://v7.dious.cc:443 "GET /20220910/LgiDaGPc/1500kb/hls/pBMrz32f.ts HTTP/1.1" 200 330704
2022/09/14 11:02:33 https://v7.dious.cc:443 "GET /20220910/LgiDaGPc/1500kb/hls/Nugc7CgG.ts HTTP/1.1" 200 511936
2022/09/14 11:02:33 https://v7.dious.cc:443 "GET /20220910/LgiDaGPc/1500kb/hls/a5lbSCxM.ts HTTP/1.1" 200 452528
2022/09/14 11:02:33 https://v7.dious.cc:443 "GET /20220910/LgiDaGPc/1500kb/hls/giKeBCZs.ts HTTP/1.1" 200 465680
2022/09/14 11:02:33 https://v7.dious.cc:443 "GET /20220910/LgiDaGPc/1500kb/hls/Y2eKQNYd.ts HTTP/1.1" 200 800512
2022/09/14 11:02:33 https://v7.dious.cc:443 "GET /20220910/LgiDaGPc/1500kb/hls/TD0MP9e6.ts HTTP/1.1" 200 624928
2022/09/14 11:02:33 https://v7.dious.cc:443 "GET /20220910/LgiDaGPc/1500kb/hls/DsVtMG9O.ts HTTP/1.1" 200 546528
2022/09/14 11:02:33 https://v7.dious.cc:443 "GET /20220910/LgiDaGPc/1500kb/hls/nx8klRY8.ts HTTP/1.1" 200 665712
2022/09/14 11:02:33 https://v7.dious.cc:443 "GET /20220910/LgiDaGPc/1500kb/hls/9fUU0yYz.ts HTTP/1.1" 200 573968
2022/09/14 11:02:33 https://v7.dious.cc:443 "GET /20220910/LgiDaGPc/1500kb/hls/BV1Tz2Lk.ts HTTP/1.1" 200 673232
2022/09/14 11:02:33 https://v7.dious.cc:443 "GET /20220910/LgiDaGPc/1500kb/hls/rziul5ZK.ts HTTP/1.1" 200 694112
2022/09/14 11:02:33 https://v7.dious.cc:443 "GET /20220910/LgiDaGPc/1500kb/hls/y8OuUvVz.ts HTTP/1.1" 200 499712
2022/09/14 11:02:33 https://v7.dious.cc:443 "GET /20220910/LgiDaGPc/1500kb/hls/TkuyBbtP.ts HTTP/1.1" 200 664592
2022/09/14 11:02:33 https://v7.dious.cc:443 "GET /20220910/LgiDaGPc/1500kb/hls/cNAA2KsI.ts HTTP/1.1" 200 573968
2022/09/14 11:02:33 https://v7.dious.cc:443 "GET /20220910/LgiDaGPc/1500kb/hls/gXTDAFYu.ts HTTP/1.1" 200 604432
2022/09/14 11:02:33 https://v7.dious.cc:443 "GET /20220910/LgiDaGPc/1500kb/hls/VkVKYj2e.ts HTTP/1.1" 200 1162224
2022/09/14 11:02:33 https://v7.dious.cc:443 "GET /20220910/LgiDaGPc/1500kb/hls/3PK6QmvO.ts HTTP/1.1" 200 352704
2022/09/14 11:02:33 https://v7.dious.cc:443 "GET /20220910/LgiDaGPc/1500kb/hls/EbrgC66b.ts HTTP/1.1" 200 651808
2022/09/14 11:02:33 https://v7.dious.cc:443 "GET /20220910/LgiDaGPc/1500kb/hls/Q8xBG1t2.ts HTTP/1.1" 200 375440
2022/09/14 11:02:33 https://v7.dious.cc:443 "GET /20220910/LgiDaGPc/1500kb/hls/pkwdISLP.ts HTTP/1.1" 200 606496
2022/09/14 11:02:33 https://v7.dious.cc:443 "GET /20220910/LgiDaGPc/1500kb/hls/HjNauEeL.ts HTTP/1.1" 200 691856
2022/09/14 11:02:33 https://v7.dious.cc:443 "GET /20220910/LgiDaGPc/1500kb/hls/4br2Znd2.ts HTTP/1.1" 200 442000
2022/09/14 11:02:33 https://v7.dious.cc:443 "GET /20220910/LgiDaGPc/1500kb/hls/ECVMZxnW.ts HTTP/1.1" 200 637520
2022/09/14 11:02:33 https://v7.dious.cc:443 "GET /20220910/LgiDaGPc/1500kb/hls/51hUBFHY.ts HTTP/1.1" 200 667040
2022/09/14 11:02:33 https://v7.dious.cc:443 "GET /20220910/LgiDaGPc/1500kb/hls/3ZMeKxRY.ts HTTP/1.1" 200 679440
2022/09/14 11:02:34 https://v7.dious.cc:443 "GET /20220910/LgiDaGPc/1500kb/hls/Qb28H7MW.ts HTTP/1.1" 200 563632
2022/09/14 11:02:34 https://v7.dious.cc:443 "GET /20220910/LgiDaGPc/1500kb/hls/rHEETGUv.ts HTTP/1.1" 200 748064
2022/09/14 11:02:34 https://v7.dious.cc:443 "GET /20220910/LgiDaGPc/1500kb/hls/YWgEl2ZJ.ts HTTP/1.1" 200 646352
2022/09/14 11:02:34 https://v7.dious.cc:443 "GET /20220910/LgiDaGPc/1500kb/hls/YDfh9FW9.ts HTTP/1.1" 200 562880
2022/09/14 11:02:34 https://v7.dious.cc:443 "GET /20220910/LgiDaGPc/1500kb/hls/F6eulYeX.ts HTTP/1.1" 200 1119552
2022/09/14 11:02:34 https://v7.dious.cc:443 "GET /20220910/LgiDaGPc/1500kb/hls/m1ogC1Bf.ts HTTP/1.1" 200 516816
2022/09/14 11:02:34 https://v7.dious.cc:443 "GET /20220910/LgiDaGPc/1500kb/hls/EGrgK0xw.ts HTTP/1.1" 200 680384
2022/09/14 11:02:34 https://v7.dious.cc:443 "GET /20220910/LgiDaGPc/1500kb/hls/2WRUD3l4.ts HTTP/1.1" 200 652176
2022/09/14 11:02:34 https://v7.dious.cc:443 "GET /20220910/LgiDaGPc/1500kb/hls/KxHAvLIC.ts HTTP/1.1" 200 730016
2022/09/14 11:02:34 https://v7.dious.cc:443 "GET /20220910/LgiDaGPc/1500kb/hls/Meco5gzc.ts HTTP/1.1" 200 682448
2022/09/14 11:02:34 https://v7.dious.cc:443 "GET /20220910/LgiDaGPc/1500kb/hls/QWHtei1v.ts HTTP/1.1" 200 660640
2022/09/14 11:02:34 https://v7.dious.cc:443 "GET /20220910/LgiDaGPc/1500kb/hls/KErQwOyi.ts HTTP/1.1" 200 660272
2022/09/14 11:02:34 https://v7.dious.cc:443 "GET /20220910/LgiDaGPc/1500kb/hls/sqnnsaGp.ts HTTP/1.1" 200 492192
2022/09/14 11:02:34 https://v7.dious.cc:443 "GET /20220910/LgiDaGPc/1500kb/hls/U1nl6TcT.ts HTTP/1.1" 200 609696
2022/09/14 11:02:34 https://v7.dious.cc:443 "GET /20220910/LgiDaGPc/1500kb/hls/wGdjcN2W.ts HTTP/1.1" 200 571712
2022/09/14 11:02:34 https://v7.dious.cc:443 "GET /20220910/LgiDaGPc/1500kb/hls/rcMcKYKw.ts HTTP/1.1" 200 630944
2022/09/14 11:02:34 https://v7.dious.cc:443 "GET /20220910/LgiDaGPc/1500kb/hls/WYcFhVv6.ts HTTP/1.1" 200 589008
2022/09/14 11:02:34 https://v7.dious.cc:443 "GET /20220910/LgiDaGPc/1500kb/hls/BEob1ciK.ts HTTP/1.1" 200 247232
2022/09/14 11:02:34 https://v7.dious.cc:443 "GET /20220910/LgiDaGPc/1500kb/hls/eXz6GTly.ts HTTP/1.1" 200 593152
2022/09/14 11:02:34 https://v7.dious.cc:443 "GET /20220910/LgiDaGPc/1500kb/hls/S3qoSD9B.ts HTTP/1.1" 200 632256
2022/09/14 11:02:34 https://v7.dious.cc:443 "GET /20220910/LgiDaGPc/1500kb/hls/sTVbi4Lt.ts HTTP/1.1" 200 798816
2022/09/14 11:02:34 https://v7.dious.cc:443 "GET /20220910/LgiDaGPc/1500kb/hls/tFqDvecn.ts HTTP/1.1" 200 930048
2022/09/14 11:02:34 https://v7.dious.cc:443 "GET /20220910/LgiDaGPc/1500kb/hls/oKBS9Ria.ts HTTP/1.1" 200 321680
2022/09/14 11:02:34 https://v7.dious.cc:443 "GET /20220910/LgiDaGPc/1500kb/hls/7TNTQqb2.ts HTTP/1.1" 200 893392
2022/09/14 11:02:34 https://v7.dious.cc:443 "GET /20220910/LgiDaGPc/1500kb/hls/4GfjItvN.ts HTTP/1.1" 200 465680
2022/09/14 11:02:34 https://v7.dious.cc:443 "GET /20220910/LgiDaGPc/1500kb/hls/wr0Gt5Hm.ts HTTP/1.1" 200 1015392
2022/09/14 11:02:34 https://v7.dious.cc:443 "GET /20220910/LgiDaGPc/1500kb/hls/NsM4mhZ1.ts HTTP/1.1" 200 666096
2022/09/14 11:02:34 https://v7.dious.cc:443 "GET /20220910/LgiDaGPc/1500kb/hls/18yla3uB.ts HTTP/1.1" 200 258512
2022/09/14 11:02:34 https://v7.dious.cc:443 "GET /20220910/LgiDaGPc/1500kb/hls/glHmhDLJ.ts HTTP/1.1" 200 392736
2022/09/14 11:02:34 https://v7.dious.cc:443 "GET /20220910/LgiDaGPc/1500kb/hls/5Xc23wTi.ts HTTP/1.1" 200 608384
2022/09/14 11:02:34 https://v7.dious.cc:443 "GET /20220910/LgiDaGPc/1500kb/hls/0hwnMcFJ.ts HTTP/1.1" 200 651808
2022/09/14 11:02:34 https://v7.dious.cc:443 "GET /20220910/LgiDaGPc/1500kb/hls/RObNrZnK.ts HTTP/1.1" 200 442368
2022/09/14 11:02:34 https://v7.dious.cc:443 "GET /20220910/LgiDaGPc/1500kb/hls/mvYR8TSy.ts HTTP/1.1" 200 608560
2022/09/14 11:02:34 https://v7.dious.cc:443 "GET /20220910/LgiDaGPc/1500kb/hls/sp8czWuv.ts HTTP/1.1" 200 468128
2022/09/14 11:02:34 https://v7.dious.cc:443 "GET /20220910/LgiDaGPc/1500kb/hls/sXAkkphh.ts HTTP/1.1" 200 799952
2022/09/14 11:02:34 https://v7.dious.cc:443 "GET /20220910/LgiDaGPc/1500kb/hls/j7D0oesM.ts HTTP/1.1" 200 356464
2022/09/14 11:02:34 https://v7.dious.cc:443 "GET /20220910/LgiDaGPc/1500kb/hls/JCQoiPvY.ts HTTP/1.1" 200 499152
2022/09/14 11:02:34 https://v7.dious.cc:443 "GET /20220910/LgiDaGPc/1500kb/hls/IkjDzTgN.ts HTTP/1.1" 200 639392
2022/09/14 11:02:34 https://v7.dious.cc:443 "GET /20220910/LgiDaGPc/1500kb/hls/Qthx6zVm.ts HTTP/1.1" 200 671168
2022/09/14 11:02:34 https://v7.dious.cc:443 "GET /20220910/LgiDaGPc/1500kb/hls/ah7aoBJv.ts HTTP/1.1" 200 601984
2022/09/14 11:02:34 https://v7.dious.cc:443 "GET /20220910/LgiDaGPc/1500kb/hls/1fFd8ArV.ts HTTP/1.1" 200 670224
2022/09/14 11:02:34 https://v7.dious.cc:443 "GET /20220910/LgiDaGPc/1500kb/hls/p8P9dWy9.ts HTTP/1.1" 200 812928
2022/09/14 11:02:34 https://v7.dious.cc:443 "GET /20220910/LgiDaGPc/1500kb/hls/TlitYcSx.ts HTTP/1.1" 200 319424
2022/09/14 11:02:34 https://v7.dious.cc:443 "GET /20220910/LgiDaGPc/1500kb/hls/DdUjJ1vX.ts HTTP/1.1" 200 600864
2022/09/14 11:02:34 https://v7.dious.cc:443 "GET /20220910/LgiDaGPc/1500kb/hls/e7PxZlwY.ts HTTP/1.1" 200 650304
2022/09/14 11:02:34 Starting new HTTPS connection (1): v7.dious.cc:443
2022/09/14 11:02:34 https://v7.dious.cc:443 "GET /20220910/LgiDaGPc/1500kb/hls/VMMPC4CE.ts HTTP/1.1" 200 521712
2022/09/14 11:02:34 https://v7.dious.cc:443 "GET /20220910/LgiDaGPc/1500kb/hls/WMrn1gcX.ts HTTP/1.1" 200 646912
2022/09/14 11:02:34 https://v7.dious.cc:443 "GET /20220910/LgiDaGPc/1500kb/hls/kxi04dvm.ts HTTP/1.1" 200 562320
2022/09/14 11:02:34 https://v7.dious.cc:443 "GET /20220910/LgiDaGPc/1500kb/hls/N4wzBLMx.ts HTTP/1.1" 200 706320
2022/09/14 11:02:34 https://v7.dious.cc:443 "GET /20220910/LgiDaGPc/1500kb/hls/3fVeptXM.ts HTTP/1.1" 200 632624
2022/09/14 11:02:34 https://v7.dious.cc:443 "GET /20220910/LgiDaGPc/1500kb/hls/v2Oew76n.ts HTTP/1.1" 200 534496
2022/09/14 11:02:34 https://v7.dious.cc:443 "GET /20220910/LgiDaGPc/1500kb/hls/ECGDHgYK.ts HTTP/1.1" 200 576048
2022/09/14 11:02:34 https://v7.dious.cc:443 "GET /20220910/LgiDaGPc/1500kb/hls/fdyyMcWi.ts HTTP/1.1" 200 962000
2022/09/14 11:02:34 https://v7.dious.cc:443 "GET /20220910/LgiDaGPc/1500kb/hls/FzOj9GmR.ts HTTP/1.1" 200 617216
2022/09/14 11:02:34 https://v7.dious.cc:443 "GET /20220910/LgiDaGPc/1500kb/hls/HulmGrsK.ts HTTP/1.1" 200 653312
2022/09/14 11:02:34 https://v7.dious.cc:443 "GET /20220910/LgiDaGPc/1500kb/hls/TIJtksXU.ts HTTP/1.1" 200 619840
2022/09/14 11:02:34 https://v7.dious.cc:443 "GET /20220910/LgiDaGPc/1500kb/hls/D4CIgJ5b.ts HTTP/1.1" 200 451584
2022/09/14 11:02:34 https://v7.dious.cc:443 "GET /20220910/LgiDaGPc/1500kb/hls/V8vckEEJ.ts HTTP/1.1" 200 634320
2022/09/14 11:02:34 https://v7.dious.cc:443 "GET /20220910/LgiDaGPc/1500kb/hls/v3oLGOal.ts HTTP/1.1" 200 604624
2022/09/14 11:02:34 https://v7.dious.cc:443 "GET /20220910/LgiDaGPc/1500kb/hls/8PSkooAN.ts HTTP/1.1" 200 685456
2022/09/14 11:02:34 https://v7.dious.cc:443 "GET /20220910/LgiDaGPc/1500kb/hls/eBwtNtxo.ts HTTP/1.1" 200 685088
2022/09/14 11:02:34 https://v7.dious.cc:443 "GET /20220910/LgiDaGPc/1500kb/hls/7uhSWyVk.ts HTTP/1.1" 200 755952
2022/09/14 11:02:34 https://v7.dious.cc:443 "GET /20220910/LgiDaGPc/1500kb/hls/b2tn7CcZ.ts HTTP/1.1" 200 580368
2022/09/14 11:02:34 https://v7.dious.cc:443 "GET /20220910/LgiDaGPc/1500kb/hls/wWLvHXSh.ts HTTP/1.1" 200 585824
2022/09/14 11:02:34 https://v7.dious.cc:443 "GET /20220910/LgiDaGPc/1500kb/hls/tGDFwLsm.ts HTTP/1.1" 200 596720
2022/09/14 11:02:34 https://v7.dious.cc:443 "GET /20220910/LgiDaGPc/1500kb/hls/T7UOMuMR.ts HTTP/1.1" 200 629056
2022/09/14 11:02:34 https://v7.dious.cc:443 "GET /20220910/LgiDaGPc/1500kb/hls/VXjNpTqj.ts HTTP/1.1" 200 650304
2022/09/14 11:02:34 https://v7.dious.cc:443 "GET /20220910/LgiDaGPc/1500kb/hls/Frdd5hTR.ts HTTP/1.1" 200 674368
2022/09/14 11:02:34 https://v7.dious.cc:443 "GET /20220910/LgiDaGPc/1500kb/hls/ZkueNP9o.ts HTTP/1.1" 200 715536
2022/09/14 11:02:34 https://v7.dious.cc:443 "GET /20220910/LgiDaGPc/1500kb/hls/y3zJbPwQ.ts HTTP/1.1" 200 709712
2022/09/14 11:02:34 https://v7.dious.cc:443 "GET /20220910/LgiDaGPc/1500kb/hls/JUIxnVY7.ts HTTP/1.1" 200 619280
2022/09/14 11:02:34 Starting new HTTPS connection (1): v7.dious.cc:443
2022/09/14 11:02:34 https://v7.dious.cc:443 "GET /20220910/LgiDaGPc/1500kb/hls/aWZKBzyy.ts HTTP/1.1" 200 880976
2022/09/14 11:02:34 https://v7.dious.cc:443 "GET /20220910/LgiDaGPc/1500kb/hls/RuI8Hfc6.ts HTTP/1.1" 200 547472
2022/09/14 11:02:34 https://v7.dious.cc:443 "GET /20220910/LgiDaGPc/1500kb/hls/Owe50xEu.ts HTTP/1.1" 200 622288
2022/09/14 11:02:34 https://v7.dious.cc:443 "GET /20220910/LgiDaGPc/1500kb/hls/ZiFvkzrp.ts HTTP/1.1" 200 545968
2022/09/14 11:02:34 https://v7.dious.cc:443 "GET /20220910/LgiDaGPc/1500kb/hls/s3dWobkM.ts HTTP/1.1" 200 368112
2022/09/14 11:02:34 https://v7.dious.cc:443 "GET /20220910/LgiDaGPc/1500kb/hls/ca6WRlTb.ts HTTP/1.1" 200 459664
2022/09/14 11:02:34 https://v7.dious.cc:443 "GET /20220910/LgiDaGPc/1500kb/hls/atdeeiAM.ts HTTP/1.1" 200 650112
2022/09/14 11:02:34 https://v7.dious.cc:443 "GET /20220910/LgiDaGPc/1500kb/hls/BDDB85v8.ts HTTP/1.1" 200 711024
2022/09/14 11:02:34 https://v7.dious.cc:443 "GET /20220910/LgiDaGPc/1500kb/hls/offPFgjV.ts HTTP/1.1" 200 646160
2022/09/14 11:02:34 https://v7.dious.cc:443 "GET /20220910/LgiDaGPc/1500kb/hls/xESewRxk.ts HTTP/1.1" 200 675120
2022/09/14 11:02:34 https://v7.dious.cc:443 "GET /20220910/LgiDaGPc/1500kb/hls/Qi3rhToi.ts HTTP/1.1" 200 546896
2022/09/14 11:02:34 https://v7.dious.cc:443 "GET /20220910/LgiDaGPc/1500kb/hls/7bqAPose.ts HTTP/1.1" 200 271296
2022/09/14 11:02:34 Starting new HTTPS connection (1): v7.dious.cc:443
2022/09/14 11:02:34 https://v7.dious.cc:443 "GET /20220910/LgiDaGPc/1500kb/hls/U9F6fob7.ts HTTP/1.1" 200 886432
2022/09/14 11:02:34 https://v7.dious.cc:443 "GET /20220910/LgiDaGPc/1500kb/hls/UxVF1fCX.ts HTTP/1.1" 200 588832
2022/09/14 11:02:34 https://v7.dious.cc:443 "GET /20220910/LgiDaGPc/1500kb/hls/t3CugS0Z.ts HTTP/1.1" 200 543328
2022/09/14 11:02:34 https://v7.dious.cc:443 "GET /20220910/LgiDaGPc/1500kb/hls/K0vOroLp.ts HTTP/1.1" 200 620416
2022/09/14 11:02:34 https://v7.dious.cc:443 "GET /20220910/LgiDaGPc/1500kb/hls/WFJGmLk2.ts HTTP/1.1" 200 552160
2022/09/14 11:02:34 https://v7.dious.cc:443 "GET /20220910/LgiDaGPc/1500kb/hls/hl07vK5i.ts HTTP/1.1" 200 988704
2022/09/14 11:02:34 Starting new HTTPS connection (1): v7.dious.cc:443
2022/09/14 11:02:34 Starting new HTTPS connection (1): v7.dious.cc:443
2022/09/14 11:02:35 Starting new HTTPS connection (1): v7.dious.cc:443
2022/09/14 11:02:35 https://v7.dious.cc:443 "GET /20220910/LgiDaGPc/1500kb/hls/3L7HGGEd.ts HTTP/1.1" 200 546896
2022/09/14 11:02:35 Starting new HTTPS connection (1): v7.dious.cc:443
2022/09/14 11:02:35 Starting new HTTPS connection (1): v7.dious.cc:443
2022/09/14 11:02:35 https://v7.dious.cc:443 "GET /20220910/LgiDaGPc/1500kb/hls/FxdXzYvk.ts HTTP/1.1" 200 767808
2022/09/14 11:02:35 Starting new HTTPS connection (1): v7.dious.cc:443
2022/09/14 11:02:35 Starting new HTTPS connection (1): v7.dious.cc:443
2022/09/14 11:02:35 Starting new HTTPS connection (1): v7.dious.cc:443
2022/09/14 11:02:35 Starting new HTTPS connection (1): v7.dious.cc:443
2022/09/14 11:02:35 Starting new HTTPS connection (1): v7.dious.cc:443
2022/09/14 11:02:35 Starting new HTTPS connection (1): v7.dious.cc:443
2022/09/14 11:02:35 Starting new HTTPS connection (1): v7.dious.cc:443
2022/09/14 11:02:35 Starting new HTTPS connection (1): v7.dious.cc:443
2022/09/14 11:02:35 Starting new HTTPS connection (1): v7.dious.cc:443
2022/09/14 11:02:35 Starting new HTTPS connection (1): v7.dious.cc:443
2022/09/14 11:02:35 Starting new HTTPS connection (1): v7.dious.cc:443
2022/09/14 11:02:35 Starting new HTTPS connection (1): v7.dious.cc:443
2022/09/14 11:02:35 Starting new HTTPS connection (1): v7.dious.cc:443
2022/09/14 11:02:35 Starting new HTTPS connection (1): v7.dious.cc:443
2022/09/14 11:02:35 Starting new HTTPS connection (1): v7.dious.cc:443
2022/09/14 11:02:35 Starting new HTTPS connection (1): v7.dious.cc:443
2022/09/14 11:02:35 Starting new HTTPS connection (1): v7.dious.cc:443
2022/09/14 11:02:35 Starting new HTTPS connection (1): v7.dious.cc:443
2022/09/14 11:02:35 Starting new HTTPS connection (1): v7.dious.cc:443
2022/09/14 11:02:35 Starting new HTTPS connection (1): v7.dious.cc:443
2022/09/14 11:02:35 Starting new HTTPS connection (1): v7.dious.cc:443
2022/09/14 11:02:35 Starting new HTTPS connection (1): v7.dious.cc:443
2022/09/14 11:02:35 Starting new HTTPS connection (1): v7.dious.cc:443
2022/09/14 11:02:35 Starting new HTTPS connection (1): v7.dious.cc:443
2022/09/14 11:02:35 https://v7.dious.cc:443 "GET /20220910/LgiDaGPc/1500kb/hls/x0dpJqPG.ts HTTP/1.1" 200 593904
2022/09/14 11:02:35 https://v7.dious.cc:443 "GET /20220910/LgiDaGPc/1500kb/hls/0PszCrXp.ts HTTP/1.1" 200 542016
2022/09/14 11:02:35 https://v7.dious.cc:443 "GET /20220910/LgiDaGPc/1500kb/hls/npXnS5vV.ts HTTP/1.1" 200 576800
2022/09/14 11:02:35 https://v7.dious.cc:443 "GET /20220910/LgiDaGPc/1500kb/hls/0W8X3WNl.ts HTTP/1.1" 200 565696
2022/09/14 11:02:35 Starting new HTTPS connection (1): v7.dious.cc:443
2022/09/14 11:02:35 Starting new HTTPS connection (1): v7.dious.cc:443
2022/09/14 11:02:35 Starting new HTTPS connection (1): v7.dious.cc:443
2022/09/14 11:02:35 https://v7.dious.cc:443 "GET /20220910/LgiDaGPc/1500kb/hls/KQNEAxQ9.ts HTTP/1.1" 200 664032
2022/09/14 11:02:35 Starting new HTTPS connection (1): v7.dious.cc:443
2022/09/14 11:02:35 Starting new HTTPS connection (1): v7.dious.cc:443
2022/09/14 11:02:35 Starting new HTTPS connection (1): v7.dious.cc:443
2022/09/14 11:02:35 Starting new HTTPS connection (1): v7.dious.cc:443
2022/09/14 11:02:35 Starting new HTTPS connection (1): v7.dious.cc:443
2022/09/14 11:02:35 Starting new HTTPS connection (1): v7.dious.cc:443
2022/09/14 11:02:35 Starting new HTTPS connection (1): v7.dious.cc:443
2022/09/14 11:02:36 Starting new HTTPS connection (1): v7.dious.cc:443
2022/09/14 11:02:36 Starting new HTTPS connection (1): v7.dious.cc:443
2022/09/14 11:02:36 Starting new HTTPS connection (1): v7.dious.cc:443
2022/09/14 11:02:36 Starting new HTTPS connection (1): v7.dious.cc:443
2022/09/14 11:02:36 Starting new HTTPS connection (1): v7.dious.cc:443
2022/09/14 11:02:36 Starting new HTTPS connection (1): v7.dious.cc:443
2022/09/14 11:02:36 Starting new HTTPS connection (1): v7.dious.cc:443
2022/09/14 11:02:36 Starting new HTTPS connection (1): v7.dious.cc:443
2022/09/14 11:02:36 Starting new HTTPS connection (1): v7.dious.cc:443
2022/09/14 11:02:36 Starting new HTTPS connection (1): v7.dious.cc:443
2022/09/14 11:02:36 Starting new HTTPS connection (1): v7.dious.cc:443
2022/09/14 11:02:36 Starting new HTTPS connection (1): v7.dious.cc:443
2022/09/14 11:02:36 Starting new HTTPS connection (1): v7.dious.cc:443
2022/09/14 11:02:36 Starting new HTTPS connection (1): v7.dious.cc:443
2022/09/14 11:02:36 https://v7.dious.cc:443 "GET /20220910/LgiDaGPc/1500kb/hls/EXY8kzaa.ts HTTP/1.1" 200 713088
2022/09/14 11:02:36 Starting new HTTPS connection (1): v7.dious.cc:443
2022/09/14 11:02:36 Starting new HTTPS connection (1): v7.dious.cc:443
2022/09/14 11:02:36 Starting new HTTPS connection (1): v7.dious.cc:443
2022/09/14 11:02:36 Starting new HTTPS connection (1): v7.dious.cc:443
2022/09/14 11:02:36 Starting new HTTPS connection (1): v7.dious.cc:443
2022/09/14 11:02:36 Starting new HTTPS connection (1): v7.dious.cc:443
2022/09/14 11:02:36 Starting new HTTPS connection (1): v7.dious.cc:443
2022/09/14 11:02:36 https://v7.dious.cc:443 "GET /20220910/LgiDaGPc/1500kb/hls/7MdJv2He.ts HTTP/1.1" 200 737904
2022/09/14 11:02:36 https://v7.dious.cc:443 "GET /20220910/LgiDaGPc/1500kb/hls/xrPaPIQl.ts HTTP/1.1" 200 598224
2022/09/14 11:02:36 https://v7.dious.cc:443 "GET /20220910/LgiDaGPc/1500kb/hls/BEg2Ktgx.ts HTTP/1.1" 200 712528
2022/09/14 11:02:36 https://v7.dious.cc:443 "GET /20220910/LgiDaGPc/1500kb/hls/l3ONmPCP.ts HTTP/1.1" 200 714784
2022/09/14 11:02:36 https://v7.dious.cc:443 "GET /20220910/LgiDaGPc/1500kb/hls/ybNTPQ8G.ts HTTP/1.1" 200 477344
2022/09/14 11:02:36 Starting new HTTPS connection (1): v7.dious.cc:443
2022/09/14 11:02:36 Starting new HTTPS connection (1): v7.dious.cc:443
2022/09/14 11:02:36 Starting new HTTPS connection (1): v7.dious.cc:443
2022/09/14 11:02:36 Starting new HTTPS connection (1): v7.dious.cc:443
2022/09/14 11:02:36 Starting new HTTPS connection (1): v7.dious.cc:443
2022/09/14 11:02:36 Starting new HTTPS connection (1): v7.dious.cc:443
2022/09/14 11:02:36 https://v7.dious.cc:443 "GET /20220910/LgiDaGPc/1500kb/hls/ukwfHvrs.ts HTTP/1.1" 200 574160
2022/09/14 11:02:36 Starting new HTTPS connection (1): v7.dious.cc:443
2022/09/14 11:02:36 Starting new HTTPS connection (1): v7.dious.cc:443
2022/09/14 11:02:36 Starting new HTTPS connection (1): v7.dious.cc:443
2022/09/14 11:02:36 Starting new HTTPS connection (1): v7.dious.cc:443
2022/09/14 11:02:36 Starting new HTTPS connection (1): v7.dious.cc:443
2022/09/14 11:02:36 https://v7.dious.cc:443 "GET /20220910/LgiDaGPc/1500kb/hls/9L6FneiS.ts HTTP/1.1" 200 544080
2022/09/14 11:02:36 Starting new HTTPS connection (1): v7.dious.cc:443
2022/09/14 11:02:36 Starting new HTTPS connection (1): v7.dious.cc:443
2022/09/14 11:02:36 Starting new HTTPS connection (1): v7.dious.cc:443
2022/09/14 11:02:36 Starting new HTTPS connection (1): v7.dious.cc:443
2022/09/14 11:02:36 Starting new HTTPS connection (1): v7.dious.cc:443
2022/09/14 11:02:36 https://v7.dious.cc:443 "GET /20220910/LgiDaGPc/1500kb/hls/y2J2npTc.ts HTTP/1.1" 200 496512
2022/09/14 11:02:36 https://v7.dious.cc:443 "GET /20220910/LgiDaGPc/1500kb/hls/svnReUYd.ts HTTP/1.1" 200 509680
2022/09/14 11:02:36 Starting new HTTPS connection (1): v7.dious.cc:443
2022/09/14 11:02:36 Starting new HTTPS connection (1): v7.dious.cc:443
2022/09/14 11:02:36 https://v7.dious.cc:443 "GET /20220910/LgiDaGPc/1500kb/hls/1WveQ69E.ts HTTP/1.1" 200 655568
2022/09/14 11:02:36 https://v7.dious.cc:443 "GET /20220910/LgiDaGPc/1500kb/hls/RQdifxIQ.ts HTTP/1.1" 200 539008
2022/09/14 11:02:36 Starting new HTTPS connection (1): v7.dious.cc:443
2022/09/14 11:02:36 https://v7.dious.cc:443 "GET /20220910/LgiDaGPc/1500kb/hls/WxcMamZG.ts HTTP/1.1" 200 360032
2022/09/14 11:02:36 https://v7.dious.cc:443 "GET /20220910/LgiDaGPc/1500kb/hls/lvKMkFUX.ts HTTP/1.1" 200 739792
2022/09/14 11:02:36 https://v7.dious.cc:443 "GET /20220910/LgiDaGPc/1500kb/hls/RjTfOgGi.ts HTTP/1.1" 200 532608
2022/09/14 11:02:36 Starting new HTTPS connection (1): v7.dious.cc:443
2022/09/14 11:02:36 Starting new HTTPS connection (1): v7.dious.cc:443
2022/09/14 11:02:36 https://v7.dious.cc:443 "GET /20220910/LgiDaGPc/1500kb/hls/xrgrOCzR.ts HTTP/1.1" 200 561760
2022/09/14 11:02:36 Starting new HTTPS connection (1): v7.dious.cc:443
2022/09/14 11:02:36 Starting new HTTPS connection (1): v7.dious.cc:443
2022/09/14 11:02:36 Starting new HTTPS connection (1): v7.dious.cc:443
2022/09/14 11:02:36 Starting new HTTPS connection (1): v7.dious.cc:443
2022/09/14 11:02:36 https://v7.dious.cc:443 "GET /20220910/LgiDaGPc/1500kb/hls/eCUHFCxz.ts HTTP/1.1" 200 739408
2022/09/14 11:02:36 https://v7.dious.cc:443 "GET /20220910/LgiDaGPc/1500kb/hls/O1Ti6d6N.ts HTTP/1.1" 200 628496
2022/09/14 11:02:36 https://v7.dious.cc:443 "GET /20220910/LgiDaGPc/1500kb/hls/5vOjZPTO.ts HTTP/1.1" 200 745248
2022/09/14 11:02:36 https://v7.dious.cc:443 "GET /20220910/LgiDaGPc/1500kb/hls/Cl7QJSDP.ts HTTP/1.1" 200 653312
2022/09/14 11:02:36 https://v7.dious.cc:443 "GET /20220910/LgiDaGPc/1500kb/hls/5hCROhia.ts HTTP/1.1" 200 872704
2022/09/14 11:02:36 Starting new HTTPS connection (1): v7.dious.cc:443
2022/09/14 11:02:36 Starting new HTTPS connection (1): v7.dious.cc:443
2022/09/14 11:02:36 Starting new HTTPS connection (1): v7.dious.cc:443
2022/09/14 11:02:36 Starting new HTTPS connection (1): v7.dious.cc:443
2022/09/14 11:02:36 Starting new HTTPS connection (1): v7.dious.cc:443
2022/09/14 11:02:36 https://v7.dious.cc:443 "GET /20220910/LgiDaGPc/1500kb/hls/F4h3WY6y.ts HTTP/1.1" 200 510992
2022/09/14 11:02:36 Starting new HTTPS connection (1): v7.dious.cc:443
2022/09/14 11:02:36 Starting new HTTPS connection (1): v7.dious.cc:443
2022/09/14 11:02:36 Starting new HTTPS connection (1): v7.dious.cc:443
2022/09/14 11:02:36 Starting new HTTPS connection (1): v7.dious.cc:443
2022/09/14 11:02:36 Starting new HTTPS connection (1): v7.dious.cc:443
2022/09/14 11:02:36 Starting new HTTPS connection (1): v7.dious.cc:443
2022/09/14 11:02:36 Starting new HTTPS connection (1): v7.dious.cc:443
2022/09/14 11:02:36 https://v7.dious.cc:443 "GET /20220910/LgiDaGPc/1500kb/hls/SbQiNJe0.ts HTTP/1.1" 200 537504
2022/09/14 11:02:36 Starting new HTTPS connection (1): v7.dious.cc:443
2022/09/14 11:02:36 https://v7.dious.cc:443 "GET /20220910/LgiDaGPc/1500kb/hls/QAJjFd1w.ts HTTP/1.1" 200 449328
2022/09/14 11:02:36 https://v7.dious.cc:443 "GET /20220910/LgiDaGPc/1500kb/hls/0BHwxONe.ts HTTP/1.1" 200 527920
2022/09/14 11:02:36 Starting new HTTPS connection (1): v7.dious.cc:443
2022/09/14 11:02:36 https://v7.dious.cc:443 "GET /20220910/LgiDaGPc/1500kb/hls/tv1loHoc.ts HTTP/1.1" 200 414176
2022/09/14 11:02:36 https://v7.dious.cc:443 "GET /20220910/LgiDaGPc/1500kb/hls/7FipU7bo.ts HTTP/1.1" 200 620976
2022/09/14 11:02:36 https://v7.dious.cc:443 "GET /20220910/LgiDaGPc/1500kb/hls/7ShEBqTx.ts HTTP/1.1" 200 527344
2022/09/14 11:02:36 https://v7.dious.cc:443 "GET /20220910/LgiDaGPc/1500kb/hls/1wgl4gtm.ts HTTP/1.1" 200 811424
2022/09/14 11:02:36 https://v7.dious.cc:443 "GET /20220910/LgiDaGPc/1500kb/hls/zz5nPFVV.ts HTTP/1.1" 200 917632
2022/09/14 11:02:36 https://v7.dious.cc:443 "GET /20220910/LgiDaGPc/1500kb/hls/1ouJLawT.ts HTTP/1.1" 200 398000
2022/09/14 11:02:36 https://v7.dious.cc:443 "GET /20220910/LgiDaGPc/1500kb/hls/wZb43voO.ts HTTP/1.1" 200 639024
2022/09/14 11:02:36 Starting new HTTPS connection (1): v7.dious.cc:443
2022/09/14 11:02:36 https://v7.dious.cc:443 "GET /20220910/LgiDaGPc/1500kb/hls/zgC96QeE.ts HTTP/1.1" 200 584880
2022/09/14 11:02:36 https://v7.dious.cc:443 "GET /20220910/LgiDaGPc/1500kb/hls/hktbICNo.ts HTTP/1.1" 200 470576
2022/09/14 11:02:36 https://v7.dious.cc:443 "GET /20220910/LgiDaGPc/1500kb/hls/UIp3YRRx.ts HTTP/1.1" 200 704816
2022/09/14 11:02:36 Starting new HTTPS connection (1): v7.dious.cc:443
2022/09/14 11:02:36 https://v7.dious.cc:443 "GET /20220910/LgiDaGPc/1500kb/hls/RYAkD74N.ts HTTP/1.1" 200 684704
2022/09/14 11:02:36 https://v7.dious.cc:443 "GET /20220910/LgiDaGPc/1500kb/hls/6PiBCAFO.ts HTTP/1.1" 200 748624
2022/09/14 11:02:37 https://v7.dious.cc:443 "GET /20220910/LgiDaGPc/1500kb/hls/YNkjUVQj.ts HTTP/1.1" 200 641280
2022/09/14 11:02:37 https://v7.dious.cc:443 "GET /20220910/LgiDaGPc/1500kb/hls/x0eJLHBE.ts HTTP/1.1" 200 536192
2022/09/14 11:02:37 Starting new HTTPS connection (1): v7.dious.cc:443
2022/09/14 11:02:37 https://v7.dious.cc:443 "GET /20220910/LgiDaGPc/1500kb/hls/aWb0JycE.ts HTTP/1.1" 200 729632
2022/09/14 11:02:37 https://v7.dious.cc:443 "GET /20220910/LgiDaGPc/1500kb/hls/DQOTLiFo.ts HTTP/1.1" 200 533936
2022/09/14 11:02:37 https://v7.dious.cc:443 "GET /20220910/LgiDaGPc/1500kb/hls/Tseswbos.ts HTTP/1.1" 200 688464
2022/09/14 11:02:37 https://v7.dious.cc:443 "GET /20220910/LgiDaGPc/1500kb/hls/JQF1vWZy.ts HTTP/1.1" 200 469824
2022/09/14 11:02:37 Starting new HTTPS connection (1): v7.dious.cc:443
2022/09/14 11:02:37 https://v7.dious.cc:443 "GET /20220910/LgiDaGPc/1500kb/hls/E32kEour.ts HTTP/1.1" 200 664400
2022/09/14 11:02:37 https://v7.dious.cc:443 "GET /20220910/LgiDaGPc/1500kb/hls/inQmAPXO.ts HTTP/1.1" 200 575104
2022/09/14 11:02:37 Starting new HTTPS connection (1): v7.dious.cc:443
2022/09/14 11:02:37 https://v7.dious.cc:443 "GET /20220910/LgiDaGPc/1500kb/hls/ywxRsS7j.ts HTTP/1.1" 200 625680
2022/09/14 11:02:37 https://v7.dious.cc:443 "GET /20220910/LgiDaGPc/1500kb/hls/JRJBNLXN.ts HTTP/1.1" 200 535056
2022/09/14 11:02:37 https://v7.dious.cc:443 "GET /20220910/LgiDaGPc/1500kb/hls/8C5w7rAW.ts HTTP/1.1" 200 555744
2022/09/14 11:02:37 https://v7.dious.cc:443 "GET /20220910/LgiDaGPc/1500kb/hls/BpQSeeYX.ts HTTP/1.1" 200 675312
2022/09/14 11:02:37 https://v7.dious.cc:443 "GET /20220910/LgiDaGPc/1500kb/hls/BIziP3WS.ts HTTP/1.1" 200 632256
2022/09/14 11:02:37 Starting new HTTPS connection (1): v7.dious.cc:443
2022/09/14 11:02:37 https://v7.dious.cc:443 "GET /20220910/LgiDaGPc/1500kb/hls/MY3d67FU.ts HTTP/1.1" 200 651424
2022/09/14 11:02:37 Starting new HTTPS connection (1): v7.dious.cc:443
2022/09/14 11:02:37 https://v7.dious.cc:443 "GET /20220910/LgiDaGPc/1500kb/hls/vdsUeS9t.ts HTTP/1.1" 200 106800
2022/09/14 11:02:37 Starting new HTTPS connection (1): v7.dious.cc:443
2022/09/14 11:02:37 https://v7.dious.cc:443 "GET /20220910/LgiDaGPc/1500kb/hls/gkENMDhT.ts HTTP/1.1" 200 631312
2022/09/14 11:02:37 Starting new HTTPS connection (1): v7.dious.cc:443
2022/09/14 11:02:37 Starting new HTTPS connection (1): v7.dious.cc:443
2022/09/14 11:02:37 https://v7.dious.cc:443 "GET /20220910/LgiDaGPc/1500kb/hls/QC0IzMdX.ts HTTP/1.1" 200 359840
2022/09/14 11:02:37 https://v7.dious.cc:443 "GET /20220910/LgiDaGPc/1500kb/hls/rX5W1gkT.ts HTTP/1.1" 200 615152
2022/09/14 11:02:37 https://v7.dious.cc:443 "GET /20220910/LgiDaGPc/1500kb/hls/LsJSNHi2.ts HTTP/1.1" 200 622480
2022/09/14 11:02:37 https://v7.dious.cc:443 "GET /20220910/LgiDaGPc/1500kb/hls/5cTErF9A.ts HTTP/1.1" 200 694672
2022/09/14 11:02:37 Starting new HTTPS connection (1): v7.dious.cc:443
2022/09/14 11:02:37 https://v7.dious.cc:443 "GET /20220910/LgiDaGPc/1500kb/hls/aApAVNjX.ts HTTP/1.1" 200 516064
2022/09/14 11:02:37 https://v7.dious.cc:443 "GET /20220910/LgiDaGPc/1500kb/hls/Neg6I61F.ts HTTP/1.1" 200 641472
2022/09/14 11:02:37 https://v7.dious.cc:443 "GET /20220910/LgiDaGPc/1500kb/hls/BwdZvtke.ts HTTP/1.1" 200 698432
2022/09/14 11:02:37 https://v7.dious.cc:443 "GET /20220910/LgiDaGPc/1500kb/hls/aLPaDBao.ts HTTP/1.1" 200 597104
2022/09/14 11:02:37 Starting new HTTPS connection (1): v7.dious.cc:443
2022/09/14 11:02:37 https://v7.dious.cc:443 "GET /20220910/LgiDaGPc/1500kb/hls/mpJe15St.ts HTTP/1.1" 200 695424
2022/09/14 11:02:37 https://v7.dious.cc:443 "GET /20220910/LgiDaGPc/1500kb/hls/V4IFgdYh.ts HTTP/1.1" 200 831904
2022/09/14 11:02:37 https://v7.dious.cc:443 "GET /20220910/LgiDaGPc/1500kb/hls/VCD2yhtr.ts HTTP/1.1" 200 935504
2022/09/14 11:02:37 Starting new HTTPS connection (1): v7.dious.cc:443
2022/09/14 11:02:37 https://v7.dious.cc:443 "GET /20220910/LgiDaGPc/1500kb/hls/t5RQMDMV.ts HTTP/1.1" 200 712720
2022/09/14 11:02:37 https://v7.dious.cc:443 "GET /20220910/LgiDaGPc/1500kb/hls/ytuUJhLz.ts HTTP/1.1" 200 779264
2022/09/14 11:02:37 https://v7.dious.cc:443 "GET /20220910/LgiDaGPc/1500kb/hls/06sTUG4h.ts HTTP/1.1" 200 623424
2022/09/14 11:02:37 https://v7.dious.cc:443 "GET /20220910/LgiDaGPc/1500kb/hls/BWxmJN9B.ts HTTP/1.1" 200 538256
2022/09/14 11:02:37 Starting new HTTPS connection (1): v7.dious.cc:443
2022/09/14 11:02:37 https://v7.dious.cc:443 "GET /20220910/LgiDaGPc/1500kb/hls/uOrsC0N6.ts HTTP/1.1" 200 1015024
2022/09/14 11:02:37 https://v7.dious.cc:443 "GET /20220910/LgiDaGPc/1500kb/hls/haTuVHnS.ts HTTP/1.1" 200 553296
2022/09/14 11:02:37 https://v7.dious.cc:443 "GET /20220910/LgiDaGPc/1500kb/hls/zxyMsB4y.ts HTTP/1.1" 200 595600
2022/09/14 11:02:37 Starting new HTTPS connection (1): v7.dious.cc:443
2022/09/14 11:02:37 https://v7.dious.cc:443 "GET /20220910/LgiDaGPc/1500kb/hls/4B4U9opS.ts HTTP/1.1" 200 681504
2022/09/14 11:02:37 Starting new HTTPS connection (1): v7.dious.cc:443
2022/09/14 11:02:37 https://v7.dious.cc:443 "GET /20220910/LgiDaGPc/1500kb/hls/ILocsPCp.ts HTTP/1.1" 200 920464
2022/09/14 11:02:37 Starting new HTTPS connection (1): v7.dious.cc:443
2022/09/14 11:02:37 Starting new HTTPS connection (1): v7.dious.cc:443
2022/09/14 11:02:37 https://v7.dious.cc:443 "GET /20220910/LgiDaGPc/1500kb/hls/P3HLmtam.ts HTTP/1.1" 200 550480
2022/09/14 11:02:37 Starting new HTTPS connection (1): v7.dious.cc:443
2022/09/14 11:02:37 https://v7.dious.cc:443 "GET /20220910/LgiDaGPc/1500kb/hls/Cj3PYXQn.ts HTTP/1.1" 200 449888
2022/09/14 11:02:37 Starting new HTTPS connection (1): v7.dious.cc:443
2022/09/14 11:02:37 https://v7.dious.cc:443 "GET /20220910/LgiDaGPc/1500kb/hls/yjcmClqE.ts HTTP/1.1" 200 765920
2022/09/14 11:02:37 https://v7.dious.cc:443 "GET /20220910/LgiDaGPc/1500kb/hls/OaDg7Ohw.ts HTTP/1.1" 200 227296
2022/09/14 11:02:37 https://v7.dious.cc:443 "GET /20220910/LgiDaGPc/1500kb/hls/mHqXTw85.ts HTTP/1.1" 200 477344
2022/09/14 11:02:37 https://v7.dious.cc:443 "GET /20220910/LgiDaGPc/1500kb/hls/kc3J50Pm.ts HTTP/1.1" 200 656512
2022/09/14 11:02:37 Starting new HTTPS connection (1): v7.dious.cc:443
2022/09/14 11:02:37 Starting new HTTPS connection (1): v7.dious.cc:443
2022/09/14 11:02:37 https://v7.dious.cc:443 "GET /20220910/LgiDaGPc/1500kb/hls/WDMXJBDb.ts HTTP/1.1" 200 590144
2022/09/14 11:02:37 https://v7.dious.cc:443 "GET /20220910/LgiDaGPc/1500kb/hls/NrlDqeRP.ts HTTP/1.1" 200 620032
2022/09/14 11:02:37 https://v7.dious.cc:443 "GET /20220910/LgiDaGPc/1500kb/hls/iBvo7nsf.ts HTTP/1.1" 200 700496
2022/09/14 11:02:37 https://v7.dious.cc:443 "GET /20220910/LgiDaGPc/1500kb/hls/4GhmY370.ts HTTP/1.1" 200 640336
2022/09/14 11:02:37 Starting new HTTPS connection (1): v7.dious.cc:443
2022/09/14 11:02:37 https://v7.dious.cc:443 "GET /20220910/LgiDaGPc/1500kb/hls/RZWhrl7e.ts HTTP/1.1" 200 703888
2022/09/14 11:02:37 Starting new HTTPS connection (1): v7.dious.cc:443
2022/09/14 11:02:37 Starting new HTTPS connection (1): v7.dious.cc:443
2022/09/14 11:02:37 Starting new HTTPS connection (1): v7.dious.cc:443
2022/09/14 11:02:37 Starting new HTTPS connection (1): v7.dious.cc:443
2022/09/14 11:02:37 https://v7.dious.cc:443 "GET /20220910/LgiDaGPc/1500kb/hls/9hFpyLjC.ts HTTP/1.1" 200 459488
2022/09/14 11:02:37 Starting new HTTPS connection (1): v7.dious.cc:443
2022/09/14 11:02:37 https://v7.dious.cc:443 "GET /20220910/LgiDaGPc/1500kb/hls/JnnjcPrI.ts HTTP/1.1" 200 669296
2022/09/14 11:02:37 https://v7.dious.cc:443 "GET /20220910/LgiDaGPc/1500kb/hls/NAFSoGIm.ts HTTP/1.1" 200 645984
2022/09/14 11:02:37 https://v7.dious.cc:443 "GET /20220910/LgiDaGPc/1500kb/hls/5sacAePn.ts HTTP/1.1" 200 604800
2022/09/14 11:02:38 https://v7.dious.cc:443 "GET /20220910/LgiDaGPc/1500kb/hls/FmFMFbvU.ts HTTP/1.1" 200 592960
2022/09/14 11:02:38 https://v7.dious.cc:443 "GET /20220910/LgiDaGPc/1500kb/hls/MqLp0mtb.ts HTTP/1.1" 200 596720
2022/09/14 11:02:38 Starting new HTTPS connection (1): v7.dious.cc:443
2022/09/14 11:02:38 https://v7.dious.cc:443 "GET /20220910/LgiDaGPc/1500kb/hls/pW2nPWQ6.ts HTTP/1.1" 200 688656
2022/09/14 11:02:38 https://v7.dious.cc:443 "GET /20220910/LgiDaGPc/1500kb/hls/8T70VJ27.ts HTTP/1.1" 200 733216
2022/09/14 11:02:38 https://v7.dious.cc:443 "GET /20220910/LgiDaGPc/1500kb/hls/vZYbAh75.ts HTTP/1.1" 200 666288
2022/09/14 11:02:38 Starting new HTTPS connection (1): v7.dious.cc:443
2022/09/14 11:02:38 Starting new HTTPS connection (1): v7.dious.cc:443
2022/09/14 11:02:38 Starting new HTTPS connection (1): v7.dious.cc:443
2022/09/14 11:02:38 https://v7.dious.cc:443 "GET /20220910/LgiDaGPc/1500kb/hls/xMa9QO2a.ts HTTP/1.1" 200 649552
2022/09/14 11:02:38 https://v7.dious.cc:443 "GET /20220910/LgiDaGPc/1500kb/hls/eeTeTFMQ.ts HTTP/1.1" 200 204368
2022/09/14 11:02:38 https://v7.dious.cc:443 "GET /20220910/LgiDaGPc/1500kb/hls/ZeRsIHmi.ts HTTP/1.1" 200 674560
2022/09/14 11:02:38 Starting new HTTPS connection (1): v7.dious.cc:443
2022/09/14 11:02:38 Starting new HTTPS connection (1): v7.dious.cc:443
2022/09/14 11:02:38 Starting new HTTPS connection (1): v7.dious.cc:443
